2018-09-25 10:57:59.824 [main] INFO  com.solo.SoloblogApplication - Starting SoloblogApplication on DESKTOP-KUMCBIE with PID 7828 (C:\Users\gaojian\doctorwork\workspace\SoloBlog\target\classes started by gaojian in C:\Users\gaojian\doctorwork\workspace\SoloBlog)
2018-09-25 10:57:59.832 [main] INFO  com.solo.SoloblogApplication - No active profile set, falling back to default profiles: default
2018-09-25 10:57:59.960 [main] INFO  o.s.b.w.s.c.AnnotationConfigServletWebServerApplicationContext - Refreshing org.springframework.boot.web.servlet.context.AnnotationConfigServletWebServerApplicationContext@61c9c3fd: startup date [Tue Sep 25 10:57:59 CST 2018]; root of context hierarchy
2018-09-25 10:58:03.587 [main] INFO  o.s.c.s.PostProcessorRegistrationDelegate$BeanPostProcessorChecker - Bean 'org.springframework.transaction.annotation.ProxyTransactionManagementConfiguration' of type [org.springframework.transaction.annotation.ProxyTransactionManagementConfiguration$$EnhancerBySpringCGLIB$$de32367a] is not eligible for getting processed by all BeanPostProcessors (for example: not eligible for auto-proxying)
2018-09-25 10:58:04.547 [main] INFO  o.s.boot.web.embedded.tomcat.TomcatWebServer - Tomcat initialized with port(s): 8081 (http)
2018-09-25 10:58:04.573 [main] INFO  org.apache.coyote.http11.Http11NioProtocol - Initializing ProtocolHandler ["http-nio-8081"]
2018-09-25 10:58:04.600 [main] INFO  org.apache.catalina.core.StandardService - Starting service [Tomcat]
2018-09-25 10:58:04.601 [main] INFO  org.apache.catalina.core.StandardEngine - Starting Servlet Engine: Apache Tomcat/8.5.29
2018-09-25 10:58:04.614 [localhost-startStop-1] INFO  org.apache.catalina.core.AprLifecycleListener - The APR based Apache Tomcat Native library which allows optimal performance in production environments was not found on the java.library.path: [C:\Program Files\Java\jdk1.8.0_172\bin;C:\WINDOWS\Sun\Java\bin;C:\WINDOWS\system32;C:\WINDOWS;C:\Program Files (x86)\Common Files\Oracle\Java\javapath;C:\Program Files (x86)\Intel\iCLS Client\;C:\Program Files\Intel\iCLS Client\;C:\Windows\system32;C:\Windows;C:\Windows\System32\Wbem;C:\Windows\System32\WindowsPowerShell\v1.0\;C:\Program Files (x86)\Intel\Intel(R) Management Engine Components\DAL;C:\Program Files\Intel\Intel(R) Management Engine Components\DAL;C:\Program Files (x86)\Intel\Intel(R) Management Engine Components\IPT;C:\Program Files\Intel\Intel(R) Management Engine Components\IPT;C:\Program Files (x86)\NVIDIA Corporation\PhysX\Common;C:\WINDOWS\system32;C:\WINDOWS;C:\WINDOWS\System32\Wbem;C:\WINDOWS\System32\WindowsPowerShell\v1.0\;C:\Program Files (x86)\Java\jdk1.8.0_172;C:\Program Files (x86)\maven\apache-maven-3.5.3\bin;C:\Program Files (x86)\ant\apache-ant-1.10.3\bin;C:\Users\gaojian\doctorwork\openVPN\bin;C:\Program Files\Java\jdk1.8.0_172\bin;C:\Program Files\Java\jdk1.8.0_172\jre\bin;C:\WINDOWS\System32\OpenSSH\;C:\Users\gaojian\开发工具\Git\cmd;C:\Users\gaojian\AppData\Local\Microsoft\WindowsApps;;C:\Users\gaojian\开发工具\docker\Docker Toolbox;;C:;Users\gaojian\开发工具\docker\Docker Toolbox;;.]
2018-09-25 10:58:04.949 [localhost-startStop-1] INFO  o.a.c.core.ContainerBase.[Tomcat].[localhost].[/] - Initializing Spring embedded WebApplicationContext
2018-09-25 10:58:04.949 [localhost-startStop-1] INFO  org.springframework.web.context.ContextLoader - Root WebApplicationContext: initialization completed in 4989 ms
2018-09-25 10:58:05.283 [localhost-startStop-1] INFO  o.s.boot.web.servlet.ServletRegistrationBean - Servlet dispatcherServlet mapped to [/]
2018-09-25 10:58:05.294 [localhost-startStop-1] INFO  o.s.boot.web.servlet.FilterRegistrationBean - Mapping filter: 'characterEncodingFilter' to: [/*]
2018-09-25 10:58:05.294 [localhost-startStop-1] INFO  o.s.boot.web.servlet.FilterRegistrationBean - Mapping filter: 'hiddenHttpMethodFilter' to: [/*]
2018-09-25 10:58:05.294 [localhost-startStop-1] INFO  o.s.boot.web.servlet.FilterRegistrationBean - Mapping filter: 'httpPutFormContentFilter' to: [/*]
2018-09-25 10:58:05.295 [localhost-startStop-1] INFO  o.s.boot.web.servlet.FilterRegistrationBean - Mapping filter: 'requestContextFilter' to: [/*]
2018-09-25 10:58:06.473 [main] INFO  o.s.orm.jpa.LocalContainerEntityManagerFactoryBean - Building JPA container EntityManagerFactory for persistence unit 'default'
2018-09-25 10:58:06.498 [main] INFO  org.hibernate.jpa.internal.util.LogHelper - HHH000204: Processing PersistenceUnitInfo [
	name: default
	...]
2018-09-25 10:58:06.696 [main] INFO  org.hibernate.Version - HHH000412: Hibernate Core {5.2.16.Final}
2018-09-25 10:58:06.701 [main] INFO  org.hibernate.cfg.Environment - HHH000206: hibernate.properties not found
2018-09-25 10:58:06.808 [main] INFO  org.hibernate.annotations.common.Version - HCANN000001: Hibernate Commons Annotations {5.0.1.Final}
2018-09-25 10:58:07.230 [main] INFO  org.hibernate.dialect.Dialect - HHH000400: Using dialect: org.hibernate.dialect.MySQL5Dialect
2018-09-25 10:58:08.394 [main] INFO  o.s.orm.jpa.LocalContainerEntityManagerFactoryBean - Initialized JPA EntityManagerFactory for persistence unit 'default'
2018-09-25 10:58:10.423 [main] WARN  o.s.b.a.o.j.JpaBaseConfiguration$JpaWebConfiguration$JpaWebMvcConfiguration - spring.jpa.open-in-view is enabled by default. Therefore, database queries may be performed during view rendering. Explicitly configure spring.jpa.open-in-view to disable this warning
2018-09-25 10:58:10.560 [main] INFO  o.s.w.s.m.m.a.RequestMappingHandlerMapping - Mapped "{[/excel/createExcel],methods=[GET]}" onto public com.solo.common.model.ResultModel com.solo.web.controller.ExcelController.createExcel(javax.servlet.http.HttpServletRequest,javax.servlet.http.HttpServletResponse) throws java.lang.Exception
2018-09-25 10:58:10.566 [main] INFO  o.s.w.s.m.m.a.RequestMappingHandlerMapping - Mapped "{[/jenkins/job/get],methods=[GET]}" onto public com.solo.common.model.ResultModel com.solo.web.controller.jenkins.JenkinsController.getJob() throws java.io.IOException,java.net.URISyntaxException
2018-09-25 10:58:10.568 [main] INFO  o.s.w.s.m.m.a.RequestMappingHandlerMapping - Mapped "{[/jenkins/job/list],methods=[GET]}" onto public com.solo.common.model.ResultModel com.solo.web.controller.jenkins.JenkinsController.jobList() throws java.io.IOException,java.net.URISyntaxException
2018-09-25 10:58:10.569 [main] INFO  o.s.w.s.m.m.a.RequestMappingHandlerMapping - Mapped "{[/jenkins/job/jobGet1111],methods=[GET]}" onto public com.solo.common.model.ResultModel com.solo.web.controller.jenkins.JenkinsController.jobGet1111() throws java.io.IOException,java.net.URISyntaxException
2018-09-25 10:58:10.573 [main] INFO  o.s.w.s.m.m.a.RequestMappingHandlerMapping - Mapped "{[/jenkins/job/lastSuccessConsole],methods=[GET]}" onto public com.solo.common.model.ResultModel com.solo.web.controller.jenkins.JenkinsController.getJobLastSuccessConsole() throws java.io.IOException
2018-09-25 10:58:10.575 [main] INFO  o.s.w.s.m.m.a.RequestMappingHandlerMapping - Mapped "{[/sentinel/get],methods=[GET]}" onto public com.solo.common.model.ResultModel com.solo.web.controller.SentinelController.get()
2018-09-25 10:58:10.578 [main] INFO  o.s.w.s.m.m.a.RequestMappingHandlerMapping - Mapped "{[/main/index],methods=[GET]}" onto public java.lang.String com.solo.web.controller.TestController.toIndex()
2018-09-25 10:58:10.579 [main] INFO  o.s.w.s.m.m.a.RequestMappingHandlerMapping - Mapped "{[/main/testHttp],methods=[POST]}" onto public com.solo.common.model.ResultModel com.solo.web.controller.TestController.testHttp() throws com.solo.common.exception.BusinessException
2018-09-25 10:58:10.582 [main] INFO  o.s.w.s.m.m.a.RequestMappingHandlerMapping - Mapped "{[/main/test],methods=[GET]}" onto public com.solo.common.model.ResultModel com.solo.web.controller.TestController.testMain(java.lang.String)
2018-09-25 10:58:10.584 [main] INFO  o.s.w.s.m.m.a.RequestMappingHandlerMapping - Mapped "{[/user/get],methods=[POST]}" onto public com.solo.common.model.ResultModel com.solo.web.controller.UserController.get(java.lang.String)
2018-09-25 10:58:10.584 [main] INFO  o.s.w.s.m.m.a.RequestMappingHandlerMapping - Mapped "{[/user/login],methods=[POST]}" onto public com.solo.common.model.ResultModel com.solo.web.controller.UserController.login(com.solo.web.entity.request.user.LoginRequest)
2018-09-25 10:58:10.585 [main] INFO  o.s.w.s.m.m.a.RequestMappingHandlerMapping - Mapped "{[/user/testlogin],methods=[GET]}" onto public com.solo.common.model.ResultModel com.solo.web.controller.UserController.testlogin(java.lang.String,java.lang.Integer) throws com.solo.common.exception.BusinessException
2018-09-25 10:58:10.588 [main] INFO  o.s.w.s.m.m.a.RequestMappingHandlerMapping - Mapped "{[/v2/api-docs],methods=[GET],produces=[application/json || application/hal+json]}" onto public org.springframework.http.ResponseEntity<springfox.documentation.spring.web.json.Json> springfox.documentation.swagger2.web.Swagger2Controller.getDocumentation(java.lang.String,javax.servlet.http.HttpServletRequest)
2018-09-25 10:58:10.594 [main] INFO  o.s.w.s.m.m.a.RequestMappingHandlerMapping - Mapped "{[/swagger-resources/configuration/security]}" onto org.springframework.http.ResponseEntity<springfox.documentation.swagger.web.SecurityConfiguration> springfox.documentation.swagger.web.ApiResourceController.securityConfiguration()
2018-09-25 10:58:10.600 [main] INFO  o.s.w.s.m.m.a.RequestMappingHandlerMapping - Mapped "{[/swagger-resources/configuration/ui]}" onto org.springframework.http.ResponseEntity<springfox.documentation.swagger.web.UiConfiguration> springfox.documentation.swagger.web.ApiResourceController.uiConfiguration()
2018-09-25 10:58:10.602 [main] INFO  o.s.w.s.m.m.a.RequestMappingHandlerMapping - Mapped "{[/swagger-resources]}" onto org.springframework.http.ResponseEntity<java.util.List<springfox.documentation.swagger.web.SwaggerResource>> springfox.documentation.swagger.web.ApiResourceController.swaggerResources()
2018-09-25 10:58:10.610 [main] INFO  o.s.w.s.m.m.a.RequestMappingHandlerMapping - Mapped "{[/error]}" onto public org.springframework.http.ResponseEntity<java.util.Map<java.lang.String, java.lang.Object>> org.springframework.boot.autoconfigure.web.servlet.error.BasicErrorController.error(javax.servlet.http.HttpServletRequest)
2018-09-25 10:58:10.610 [main] INFO  o.s.w.s.m.m.a.RequestMappingHandlerMapping - Mapped "{[/error],produces=[text/html]}" onto public org.springframework.web.servlet.ModelAndView org.springframework.boot.autoconfigure.web.servlet.error.BasicErrorController.errorHtml(javax.servlet.http.HttpServletRequest,javax.servlet.http.HttpServletResponse)
2018-09-25 10:58:11.068 [main] INFO  o.s.web.servlet.handler.SimpleUrlHandlerMapping - Mapped URL path [/**/favicon.ico] onto handler of type [class org.springframework.web.servlet.resource.ResourceHttpRequestHandler]
2018-09-25 10:58:11.434 [main] INFO  o.s.w.s.m.m.a.RequestMappingHandlerAdapter - Looking for @ControllerAdvice: org.springframework.boot.web.servlet.context.AnnotationConfigServletWebServerApplicationContext@61c9c3fd: startup date [Tue Sep 25 10:57:59 CST 2018]; root of context hierarchy
2018-09-25 10:58:11.556 [main] INFO  o.s.web.servlet.handler.SimpleUrlHandlerMapping - Mapped URL path [/webjars/**] onto handler of type [class org.springframework.web.servlet.resource.ResourceHttpRequestHandler]
2018-09-25 10:58:11.556 [main] INFO  o.s.web.servlet.handler.SimpleUrlHandlerMapping - Mapped URL path [/**] onto handler of type [class org.springframework.web.servlet.resource.ResourceHttpRequestHandler]
2018-09-25 10:58:11.855 [main] INFO  o.s.b.a.web.servlet.WelcomePageHandlerMapping - Adding welcome page template: index
2018-09-25 10:58:12.321 [main] INFO  o.s.jmx.export.annotation.AnnotationMBeanExporter - Registering beans for JMX exposure on startup
2018-09-25 10:58:12.326 [main] INFO  o.s.jmx.export.annotation.AnnotationMBeanExporter - Bean with name 'dataSource' has been autodetected for JMX exposure
2018-09-25 10:58:12.337 [main] INFO  o.s.jmx.export.annotation.AnnotationMBeanExporter - Located MBean 'dataSource': registering with JMX server as MBean [com.alibaba.druid.pool:name=dataSource,type=DruidDataSource]
2018-09-25 10:58:12.348 [main] INFO  o.s.context.support.DefaultLifecycleProcessor - Starting beans in phase 2147483647
2018-09-25 10:58:12.349 [main] INFO  s.d.s.web.plugins.DocumentationPluginsBootstrapper - Context refreshed
2018-09-25 10:58:12.390 [main] INFO  s.d.s.web.plugins.DocumentationPluginsBootstrapper - Found 1 custom documentation plugin(s)
2018-09-25 10:58:12.412 [main] INFO  s.d.spring.web.scanners.ApiListingReferenceScanner - Scanning for api listing references
2018-09-25 10:58:12.759 [main] INFO  org.apache.coyote.http11.Http11NioProtocol - Starting ProtocolHandler ["http-nio-8081"]
2018-09-25 10:58:12.778 [main] INFO  org.apache.tomcat.util.net.NioSelectorPool - Using a shared selector for servlet write/read
2018-09-25 10:58:12.809 [main] INFO  o.s.boot.web.embedded.tomcat.TomcatWebServer - Tomcat started on port(s): 8081 (http) with context path ''
2018-09-25 10:58:12.815 [main] INFO  com.solo.SoloblogApplication - Started SoloblogApplication in 13.85 seconds (JVM running for 18.331)
2018-09-25 10:58:47.357 [http-nio-8081-exec-2] INFO  o.a.c.core.ContainerBase.[Tomcat].[localhost].[/] - Initializing Spring FrameworkServlet 'dispatcherServlet'
2018-09-25 10:58:47.358 [http-nio-8081-exec-2] INFO  org.springframework.web.servlet.DispatcherServlet - FrameworkServlet 'dispatcherServlet': initialization started
2018-09-25 10:58:47.409 [http-nio-8081-exec-2] INFO  org.springframework.web.servlet.DispatcherServlet - FrameworkServlet 'dispatcherServlet': initialization completed in 50 ms
