2018-10-22 17:22:39.882 [main] INFO  o.s.b.t.context.SpringBootTestContextBootstrapper - Neither @ContextConfiguration nor @ContextHierarchy found for test class [com.solo.TestControllerTest], using SpringBootContextLoader
2018-10-22 17:22:39.911 [main] INFO  o.s.test.context.support.AbstractContextLoader - Could not detect default resource locations for test class [com.solo.TestControllerTest]: no resource found for suffixes {-context.xml, Context.groovy}.
2018-10-22 17:22:39.914 [main] INFO  o.s.t.c.support.AnnotationConfigContextLoaderUtils - Could not detect default configuration classes for test class [com.solo.TestControllerTest]: TestControllerTest does not declare any static, non-private, non-final, nested classes annotated with @Configuration.
2018-10-22 17:22:40.944 [main] INFO  o.s.b.t.context.SpringBootTestContextBootstrapper - Found @SpringBootConfiguration com.solo.SoloblogApplication for test class com.solo.TestControllerTest
2018-10-22 17:22:41.430 [main] INFO  o.s.b.t.context.SpringBootTestContextBootstrapper - Loaded default TestExecutionListener class names from location [META-INF/spring.factories]: [org.springframework.boot.test.mock.mockito.MockitoTestExecutionListener, org.springframework.boot.test.mock.mockito.ResetMocksTestExecutionListener, org.springframework.boot.test.autoconfigure.restdocs.RestDocsTestExecutionListener, org.springframework.boot.test.autoconfigure.web.client.MockRestServiceServerResetTestExecutionListener, org.springframework.boot.test.autoconfigure.web.servlet.MockMvcPrintOnlyOnFailureTestExecutionListener, org.springframework.boot.test.autoconfigure.web.servlet.WebDriverTestExecutionListener, org.springframework.test.context.web.ServletTestExecutionListener, org.springframework.test.context.support.DirtiesContextBeforeModesTestExecutionListener, org.springframework.test.context.support.DependencyInjectionTestExecutionListener, org.springframework.test.context.support.DirtiesContextTestExecutionListener, org.springframework.test.context.transaction.TransactionalTestExecutionListener, org.springframework.test.context.jdbc.SqlScriptsTestExecutionListener]
2018-10-22 17:22:41.505 [main] INFO  o.s.b.t.context.SpringBootTestContextBootstrapper - Using TestExecutionListeners: [org.springframework.test.context.web.ServletTestExecutionListener@383bfa16, org.springframework.test.context.support.DirtiesContextBeforeModesTestExecutionListener@4d465b11, org.springframework.boot.test.mock.mockito.MockitoTestExecutionListener@53fdffa1, org.springframework.boot.test.autoconfigure.SpringBootDependencyInjectionTestExecutionListener@5562c41e, org.springframework.test.context.support.DirtiesContextTestExecutionListener@32ee6fee, org.springframework.test.context.transaction.TransactionalTestExecutionListener@4d0f2471, org.springframework.test.context.jdbc.SqlScriptsTestExecutionListener@7133da86, org.springframework.boot.test.mock.mockito.ResetMocksTestExecutionListener@3232a28a, org.springframework.boot.test.autoconfigure.restdocs.RestDocsTestExecutionListener@73e22a3d, org.springframework.boot.test.autoconfigure.web.client.MockRestServiceServerResetTestExecutionListener@47faa49c, org.springframework.boot.test.autoconfigure.web.servlet.MockMvcPrintOnlyOnFailureTestExecutionListener@28f2a10f, org.springframework.boot.test.autoconfigure.web.servlet.WebDriverTestExecutionListener@f736069]
2018-10-22 17:22:42.511 [main] INFO  com.solo.TestControllerTest - Starting TestControllerTest on DESKTOP-KUMCBIE with PID 35236 (started by gaojian in C:\Users\gaojian\doctorwork\workspace\SoloBlog)
2018-10-22 17:22:42.512 [main] INFO  com.solo.TestControllerTest - No active profile set, falling back to default profiles: default
2018-10-22 17:22:42.603 [main] INFO  o.s.w.context.support.GenericWebApplicationContext - Refreshing org.springframework.web.context.support.GenericWebApplicationContext@45ac5f9b: startup date [Mon Oct 22 17:22:42 CST 2018]; root of context hierarchy
2018-10-22 17:22:48.384 [main] INFO  o.s.c.s.PostProcessorRegistrationDelegate$BeanPostProcessorChecker - Bean 'org.springframework.transaction.annotation.ProxyTransactionManagementConfiguration' of type [org.springframework.transaction.annotation.ProxyTransactionManagementConfiguration$$EnhancerBySpringCGLIB$$45542147] is not eligible for getting processed by all BeanPostProcessors (for example: not eligible for auto-proxying)
2018-10-22 17:22:52.872 [main] INFO  o.s.orm.jpa.LocalContainerEntityManagerFactoryBean - Building JPA container EntityManagerFactory for persistence unit 'default'
2018-10-22 17:22:52.941 [main] INFO  org.hibernate.jpa.internal.util.LogHelper - HHH000204: Processing PersistenceUnitInfo [
	name: default
	...]
2018-10-22 17:22:53.218 [main] INFO  org.hibernate.Version - HHH000412: Hibernate Core {5.2.16.Final}
2018-10-22 17:22:53.222 [main] INFO  org.hibernate.cfg.Environment - HHH000206: hibernate.properties not found
2018-10-22 17:22:53.317 [main] INFO  org.hibernate.annotations.common.Version - HCANN000001: Hibernate Commons Annotations {5.0.1.Final}
2018-10-22 17:22:53.661 [main] INFO  org.hibernate.dialect.Dialect - HHH000400: Using dialect: org.hibernate.dialect.MySQL5Dialect
2018-10-22 17:22:54.881 [main] INFO  o.s.orm.jpa.LocalContainerEntityManagerFactoryBean - Initialized JPA EntityManagerFactory for persistence unit 'default'
2018-10-22 17:23:00.714 [main] WARN  o.s.b.a.o.j.JpaBaseConfiguration$JpaWebConfiguration$JpaWebMvcConfiguration - spring.jpa.open-in-view is enabled by default. Therefore, database queries may be performed during view rendering. Explicitly configure spring.jpa.open-in-view to disable this warning
2018-10-22 17:23:00.954 [main] INFO  o.s.w.s.m.m.a.RequestMappingHandlerMapping - Mapped "{[/excel/createExcel],methods=[GET]}" onto public com.solo.common.model.ResultModel com.solo.web.controller.ExcelController.createExcel(javax.servlet.http.HttpServletRequest,javax.servlet.http.HttpServletResponse) throws java.lang.Exception
2018-10-22 17:23:00.963 [main] INFO  o.s.w.s.m.m.a.RequestMappingHandlerMapping - Mapped "{[/jenkins/job/lastSuccessConsole],methods=[GET]}" onto public com.solo.common.model.ResultModel com.solo.web.controller.jenkins.JenkinsController.getJobLastSuccessConsole() throws java.io.IOException
2018-10-22 17:23:00.965 [main] INFO  o.s.w.s.m.m.a.RequestMappingHandlerMapping - Mapped "{[/jenkins/job/get],methods=[GET]}" onto public com.solo.common.model.ResultModel com.solo.web.controller.jenkins.JenkinsController.getJob() throws java.io.IOException,java.net.URISyntaxException
2018-10-22 17:23:00.966 [main] INFO  o.s.w.s.m.m.a.RequestMappingHandlerMapping - Mapped "{[/jenkins/job/jobGet1111],methods=[GET]}" onto public com.solo.common.model.ResultModel com.solo.web.controller.jenkins.JenkinsController.jobGet1111() throws java.io.IOException,java.net.URISyntaxException
2018-10-22 17:23:00.968 [main] INFO  o.s.w.s.m.m.a.RequestMappingHandlerMapping - Mapped "{[/jenkins/job/list],methods=[GET]}" onto public com.solo.common.model.ResultModel com.solo.web.controller.jenkins.JenkinsController.jobList() throws java.io.IOException,java.net.URISyntaxException
2018-10-22 17:23:00.970 [main] INFO  o.s.w.s.m.m.a.RequestMappingHandlerMapping - Mapped "{[/sentinel/get],methods=[GET]}" onto public com.solo.common.model.ResultModel com.solo.web.controller.SentinelController.get()
2018-10-22 17:23:00.992 [main] INFO  o.s.w.s.m.m.a.RequestMappingHandlerMapping - Mapped "{[/main/test],methods=[GET]}" onto public com.solo.common.model.ResultModel com.solo.web.controller.TestController.testMain(java.lang.String)
2018-10-22 17:23:00.993 [main] INFO  o.s.w.s.m.m.a.RequestMappingHandlerMapping - Mapped "{[/main/testHttp],methods=[POST]}" onto public com.solo.common.model.ResultModel com.solo.web.controller.TestController.testHttp() throws com.solo.common.exception.BusinessException
2018-10-22 17:23:00.995 [main] INFO  o.s.w.s.m.m.a.RequestMappingHandlerMapping - Mapped "{[/main/index],methods=[GET]}" onto public java.lang.String com.solo.web.controller.TestController.toIndex()
2018-10-22 17:23:01.003 [main] INFO  o.s.w.s.m.m.a.RequestMappingHandlerMapping - Mapped "{[/user/get],methods=[POST]}" onto public com.solo.common.model.ResultModel com.solo.web.controller.UserController.get(java.lang.String)
2018-10-22 17:23:01.003 [main] INFO  o.s.w.s.m.m.a.RequestMappingHandlerMapping - Mapped "{[/user/login],methods=[POST]}" onto public com.solo.common.model.ResultModel com.solo.web.controller.UserController.login(com.solo.web.entity.request.user.LoginRequest)
2018-10-22 17:23:01.004 [main] INFO  o.s.w.s.m.m.a.RequestMappingHandlerMapping - Mapped "{[/user/testlogin],methods=[GET]}" onto public com.solo.common.model.ResultModel com.solo.web.controller.UserController.testlogin(java.lang.String,java.lang.Integer) throws com.solo.common.exception.BusinessException
2018-10-22 17:23:01.010 [main] INFO  o.s.w.s.m.m.a.RequestMappingHandlerMapping - Mapped "{[/v2/api-docs],methods=[GET],produces=[application/json || application/hal+json]}" onto public org.springframework.http.ResponseEntity<springfox.documentation.spring.web.json.Json> springfox.documentation.swagger2.web.Swagger2Controller.getDocumentation(java.lang.String,javax.servlet.http.HttpServletRequest)
2018-10-22 17:23:01.018 [main] INFO  o.s.w.s.m.m.a.RequestMappingHandlerMapping - Mapped "{[/swagger-resources]}" onto org.springframework.http.ResponseEntity<java.util.List<springfox.documentation.swagger.web.SwaggerResource>> springfox.documentation.swagger.web.ApiResourceController.swaggerResources()
2018-10-22 17:23:01.020 [main] INFO  o.s.w.s.m.m.a.RequestMappingHandlerMapping - Mapped "{[/swagger-resources/configuration/ui]}" onto org.springframework.http.ResponseEntity<springfox.documentation.swagger.web.UiConfiguration> springfox.documentation.swagger.web.ApiResourceController.uiConfiguration()
2018-10-22 17:23:01.020 [main] INFO  o.s.w.s.m.m.a.RequestMappingHandlerMapping - Mapped "{[/swagger-resources/configuration/security]}" onto org.springframework.http.ResponseEntity<springfox.documentation.swagger.web.SecurityConfiguration> springfox.documentation.swagger.web.ApiResourceController.securityConfiguration()
2018-10-22 17:23:01.031 [main] INFO  o.s.w.s.m.m.a.RequestMappingHandlerMapping - Mapped "{[/error]}" onto public org.springframework.http.ResponseEntity<java.util.Map<java.lang.String, java.lang.Object>> org.springframework.boot.autoconfigure.web.servlet.error.BasicErrorController.error(javax.servlet.http.HttpServletRequest)
2018-10-22 17:23:01.032 [main] INFO  o.s.w.s.m.m.a.RequestMappingHandlerMapping - Mapped "{[/error],produces=[text/html]}" onto public org.springframework.web.servlet.ModelAndView org.springframework.boot.autoconfigure.web.servlet.error.BasicErrorController.errorHtml(javax.servlet.http.HttpServletRequest,javax.servlet.http.HttpServletResponse)
2018-10-22 17:23:02.537 [main] INFO  o.s.web.servlet.handler.SimpleUrlHandlerMapping - Mapped URL path [/**/favicon.ico] onto handler of type [class org.springframework.web.servlet.resource.ResourceHttpRequestHandler]
2018-10-22 17:23:03.943 [main] INFO  o.s.w.s.m.m.a.RequestMappingHandlerAdapter - Looking for @ControllerAdvice: org.springframework.web.context.support.GenericWebApplicationContext@45ac5f9b: startup date [Mon Oct 22 17:22:42 CST 2018]; root of context hierarchy
2018-10-22 17:23:04.654 [main] INFO  o.s.web.servlet.handler.SimpleUrlHandlerMapping - Mapped URL path [/webjars/**] onto handler of type [class org.springframework.web.servlet.resource.ResourceHttpRequestHandler]
2018-10-22 17:23:04.655 [main] INFO  o.s.web.servlet.handler.SimpleUrlHandlerMapping - Mapped URL path [/**] onto handler of type [class org.springframework.web.servlet.resource.ResourceHttpRequestHandler]
2018-10-22 17:23:05.722 [main] INFO  o.s.b.a.web.servlet.WelcomePageHandlerMapping - Adding welcome page template: index
2018-10-22 17:23:06.925 [main] INFO  o.s.context.support.DefaultLifecycleProcessor - Starting beans in phase 2147483647
2018-10-22 17:23:06.927 [main] INFO  s.d.s.web.plugins.DocumentationPluginsBootstrapper - Context refreshed
2018-10-22 17:23:07.130 [main] INFO  s.d.s.web.plugins.DocumentationPluginsBootstrapper - Found 1 custom documentation plugin(s)
2018-10-22 17:23:07.175 [main] INFO  s.d.spring.web.scanners.ApiListingReferenceScanner - Scanning for api listing references
2018-10-22 17:23:08.250 [main] INFO  com.solo.TestControllerTest - Started TestControllerTest in 26.429 seconds (JVM running for 31.941)
2018-10-22 17:23:08.815 [main] INFO  o.s.b.test.mock.web.SpringBootMockServletContext - Initializing Spring FrameworkServlet ''
2018-10-22 17:23:08.815 [main] INFO  o.s.test.web.servlet.TestDispatcherServlet - FrameworkServlet '': initialization started
2018-10-22 17:23:08.875 [main] INFO  o.s.test.web.servlet.TestDispatcherServlet - FrameworkServlet '': initialization completed in 58 ms
2018-10-22 17:23:08.948 [main] INFO  com.solo.web.controller.TestController - testMain = 1
2018-10-22 17:23:09.189 [main] INFO  com.solo.TestControllerTest - 
{
	"code":200,
	"description":"执行成功!",
	"metadata":{
		"clazz":"java.lang.String",
		"type":0
	},
	"model":"hello"
}
2018-10-22 17:23:09.244 [Thread-2] INFO  o.s.w.context.support.GenericWebApplicationContext - Closing org.springframework.web.context.support.GenericWebApplicationContext@45ac5f9b: startup date [Mon Oct 22 17:22:42 CST 2018]; root of context hierarchy
2018-10-22 17:23:09.276 [Thread-2] INFO  o.s.context.support.DefaultLifecycleProcessor - Stopping beans in phase 2147483647
2018-10-22 17:23:09.289 [Thread-2] INFO  o.s.orm.jpa.LocalContainerEntityManagerFactoryBean - Closing JPA EntityManagerFactory for persistence unit 'default'
2018-10-22 17:24:56.833 [main] INFO  o.s.b.t.context.SpringBootTestContextBootstrapper - Neither @ContextConfiguration nor @ContextHierarchy found for test class [com.solo.TestControllerTest], using SpringBootContextLoader
2018-10-22 17:24:56.851 [main] INFO  o.s.test.context.support.AbstractContextLoader - Could not detect default resource locations for test class [com.solo.TestControllerTest]: no resource found for suffixes {-context.xml, Context.groovy}.
2018-10-22 17:24:56.853 [main] INFO  o.s.t.c.support.AnnotationConfigContextLoaderUtils - Could not detect default configuration classes for test class [com.solo.TestControllerTest]: TestControllerTest does not declare any static, non-private, non-final, nested classes annotated with @Configuration.
2018-10-22 17:24:57.306 [main] INFO  o.s.b.t.context.SpringBootTestContextBootstrapper - Found @SpringBootConfiguration com.solo.SoloblogApplication for test class com.solo.TestControllerTest
2018-10-22 17:24:57.695 [main] INFO  o.s.b.t.context.SpringBootTestContextBootstrapper - Loaded default TestExecutionListener class names from location [META-INF/spring.factories]: [org.springframework.boot.test.mock.mockito.MockitoTestExecutionListener, org.springframework.boot.test.mock.mockito.ResetMocksTestExecutionListener, org.springframework.boot.test.autoconfigure.restdocs.RestDocsTestExecutionListener, org.springframework.boot.test.autoconfigure.web.client.MockRestServiceServerResetTestExecutionListener, org.springframework.boot.test.autoconfigure.web.servlet.MockMvcPrintOnlyOnFailureTestExecutionListener, org.springframework.boot.test.autoconfigure.web.servlet.WebDriverTestExecutionListener, org.springframework.test.context.web.ServletTestExecutionListener, org.springframework.test.context.support.DirtiesContextBeforeModesTestExecutionListener, org.springframework.test.context.support.DependencyInjectionTestExecutionListener, org.springframework.test.context.support.DirtiesContextTestExecutionListener, org.springframework.test.context.transaction.TransactionalTestExecutionListener, org.springframework.test.context.jdbc.SqlScriptsTestExecutionListener]
2018-10-22 17:24:57.755 [main] INFO  o.s.b.t.context.SpringBootTestContextBootstrapper - Using TestExecutionListeners: [org.springframework.test.context.web.ServletTestExecutionListener@383bfa16, org.springframework.test.context.support.DirtiesContextBeforeModesTestExecutionListener@4d465b11, org.springframework.boot.test.mock.mockito.MockitoTestExecutionListener@53fdffa1, org.springframework.boot.test.autoconfigure.SpringBootDependencyInjectionTestExecutionListener@5562c41e, org.springframework.test.context.support.DirtiesContextTestExecutionListener@32ee6fee, org.springframework.test.context.transaction.TransactionalTestExecutionListener@4d0f2471, org.springframework.test.context.jdbc.SqlScriptsTestExecutionListener@7133da86, org.springframework.boot.test.mock.mockito.ResetMocksTestExecutionListener@3232a28a, org.springframework.boot.test.autoconfigure.restdocs.RestDocsTestExecutionListener@73e22a3d, org.springframework.boot.test.autoconfigure.web.client.MockRestServiceServerResetTestExecutionListener@47faa49c, org.springframework.boot.test.autoconfigure.web.servlet.MockMvcPrintOnlyOnFailureTestExecutionListener@28f2a10f, org.springframework.boot.test.autoconfigure.web.servlet.WebDriverTestExecutionListener@f736069]
2018-10-22 17:24:58.609 [main] INFO  com.solo.TestControllerTest - Starting TestControllerTest on DESKTOP-KUMCBIE with PID 11992 (started by gaojian in C:\Users\gaojian\doctorwork\workspace\SoloBlog)
2018-10-22 17:24:58.611 [main] INFO  com.solo.TestControllerTest - No active profile set, falling back to default profiles: default
2018-10-22 17:24:58.711 [main] INFO  o.s.w.context.support.GenericWebApplicationContext - Refreshing org.springframework.web.context.support.GenericWebApplicationContext@57c03d88: startup date [Mon Oct 22 17:24:58 CST 2018]; root of context hierarchy
2018-10-22 17:25:03.846 [main] INFO  o.s.c.s.PostProcessorRegistrationDelegate$BeanPostProcessorChecker - Bean 'org.springframework.transaction.annotation.ProxyTransactionManagementConfiguration' of type [org.springframework.transaction.annotation.ProxyTransactionManagementConfiguration$$EnhancerBySpringCGLIB$$fc2df822] is not eligible for getting processed by all BeanPostProcessors (for example: not eligible for auto-proxying)
2018-10-22 17:25:06.088 [main] INFO  o.s.orm.jpa.LocalContainerEntityManagerFactoryBean - Building JPA container EntityManagerFactory for persistence unit 'default'
2018-10-22 17:25:06.128 [main] INFO  org.hibernate.jpa.internal.util.LogHelper - HHH000204: Processing PersistenceUnitInfo [
	name: default
	...]
2018-10-22 17:25:06.319 [main] INFO  org.hibernate.Version - HHH000412: Hibernate Core {5.2.16.Final}
2018-10-22 17:25:06.324 [main] INFO  org.hibernate.cfg.Environment - HHH000206: hibernate.properties not found
2018-10-22 17:25:06.414 [main] INFO  org.hibernate.annotations.common.Version - HCANN000001: Hibernate Commons Annotations {5.0.1.Final}
2018-10-22 17:25:06.717 [main] INFO  org.hibernate.dialect.Dialect - HHH000400: Using dialect: org.hibernate.dialect.MySQL5Dialect
2018-10-22 17:25:07.914 [main] INFO  o.s.orm.jpa.LocalContainerEntityManagerFactoryBean - Initialized JPA EntityManagerFactory for persistence unit 'default'
2018-10-22 17:25:10.757 [main] WARN  o.s.b.a.o.j.JpaBaseConfiguration$JpaWebConfiguration$JpaWebMvcConfiguration - spring.jpa.open-in-view is enabled by default. Therefore, database queries may be performed during view rendering. Explicitly configure spring.jpa.open-in-view to disable this warning
2018-10-22 17:25:10.964 [main] INFO  o.s.w.s.m.m.a.RequestMappingHandlerMapping - Mapped "{[/excel/createExcel],methods=[GET]}" onto public com.solo.common.model.ResultModel com.solo.web.controller.ExcelController.createExcel(javax.servlet.http.HttpServletRequest,javax.servlet.http.HttpServletResponse) throws java.lang.Exception
2018-10-22 17:25:10.986 [main] INFO  o.s.w.s.m.m.a.RequestMappingHandlerMapping - Mapped "{[/jenkins/job/list],methods=[GET]}" onto public com.solo.common.model.ResultModel com.solo.web.controller.jenkins.JenkinsController.jobList() throws java.io.IOException,java.net.URISyntaxException
2018-10-22 17:25:10.989 [main] INFO  o.s.w.s.m.m.a.RequestMappingHandlerMapping - Mapped "{[/jenkins/job/get],methods=[GET]}" onto public com.solo.common.model.ResultModel com.solo.web.controller.jenkins.JenkinsController.getJob() throws java.io.IOException,java.net.URISyntaxException
2018-10-22 17:25:10.990 [main] INFO  o.s.w.s.m.m.a.RequestMappingHandlerMapping - Mapped "{[/jenkins/job/jobGet1111],methods=[GET]}" onto public com.solo.common.model.ResultModel com.solo.web.controller.jenkins.JenkinsController.jobGet1111() throws java.io.IOException,java.net.URISyntaxException
2018-10-22 17:25:10.994 [main] INFO  o.s.w.s.m.m.a.RequestMappingHandlerMapping - Mapped "{[/jenkins/job/lastSuccessConsole],methods=[GET]}" onto public com.solo.common.model.ResultModel com.solo.web.controller.jenkins.JenkinsController.getJobLastSuccessConsole() throws java.io.IOException
2018-10-22 17:25:11.003 [main] INFO  o.s.w.s.m.m.a.RequestMappingHandlerMapping - Mapped "{[/sentinel/get],methods=[GET]}" onto public com.solo.common.model.ResultModel com.solo.web.controller.SentinelController.get()
2018-10-22 17:25:11.012 [main] INFO  o.s.w.s.m.m.a.RequestMappingHandlerMapping - Mapped "{[/main/testHttp],methods=[POST]}" onto public com.solo.common.model.ResultModel com.solo.web.controller.TestController.testHttp() throws com.solo.common.exception.BusinessException
2018-10-22 17:25:11.017 [main] INFO  o.s.w.s.m.m.a.RequestMappingHandlerMapping - Mapped "{[/main/test],methods=[GET]}" onto public com.solo.common.model.ResultModel com.solo.web.controller.TestController.testMain(java.lang.String)
2018-10-22 17:25:11.022 [main] INFO  o.s.w.s.m.m.a.RequestMappingHandlerMapping - Mapped "{[/main/index],methods=[GET]}" onto public java.lang.String com.solo.web.controller.TestController.toIndex()
2018-10-22 17:25:11.025 [main] INFO  o.s.w.s.m.m.a.RequestMappingHandlerMapping - Mapped "{[/user/get],methods=[POST]}" onto public com.solo.common.model.ResultModel com.solo.web.controller.UserController.get(java.lang.String)
2018-10-22 17:25:11.026 [main] INFO  o.s.w.s.m.m.a.RequestMappingHandlerMapping - Mapped "{[/user/login],methods=[POST]}" onto public com.solo.common.model.ResultModel com.solo.web.controller.UserController.login(com.solo.web.entity.request.user.LoginRequest)
2018-10-22 17:25:11.027 [main] INFO  o.s.w.s.m.m.a.RequestMappingHandlerMapping - Mapped "{[/user/testlogin],methods=[GET]}" onto public com.solo.common.model.ResultModel com.solo.web.controller.UserController.testlogin(java.lang.String,java.lang.Integer) throws com.solo.common.exception.BusinessException
2018-10-22 17:25:11.040 [main] INFO  o.s.w.s.m.m.a.RequestMappingHandlerMapping - Mapped "{[/v2/api-docs],methods=[GET],produces=[application/json || application/hal+json]}" onto public org.springframework.http.ResponseEntity<springfox.documentation.spring.web.json.Json> springfox.documentation.swagger2.web.Swagger2Controller.getDocumentation(java.lang.String,javax.servlet.http.HttpServletRequest)
2018-10-22 17:25:11.047 [main] INFO  o.s.w.s.m.m.a.RequestMappingHandlerMapping - Mapped "{[/swagger-resources]}" onto org.springframework.http.ResponseEntity<java.util.List<springfox.documentation.swagger.web.SwaggerResource>> springfox.documentation.swagger.web.ApiResourceController.swaggerResources()
2018-10-22 17:25:11.048 [main] INFO  o.s.w.s.m.m.a.RequestMappingHandlerMapping - Mapped "{[/swagger-resources/configuration/ui]}" onto org.springframework.http.ResponseEntity<springfox.documentation.swagger.web.UiConfiguration> springfox.documentation.swagger.web.ApiResourceController.uiConfiguration()
2018-10-22 17:25:11.048 [main] INFO  o.s.w.s.m.m.a.RequestMappingHandlerMapping - Mapped "{[/swagger-resources/configuration/security]}" onto org.springframework.http.ResponseEntity<springfox.documentation.swagger.web.SecurityConfiguration> springfox.documentation.swagger.web.ApiResourceController.securityConfiguration()
2018-10-22 17:25:11.055 [main] INFO  o.s.w.s.m.m.a.RequestMappingHandlerMapping - Mapped "{[/error]}" onto public org.springframework.http.ResponseEntity<java.util.Map<java.lang.String, java.lang.Object>> org.springframework.boot.autoconfigure.web.servlet.error.BasicErrorController.error(javax.servlet.http.HttpServletRequest)
2018-10-22 17:25:11.056 [main] INFO  o.s.w.s.m.m.a.RequestMappingHandlerMapping - Mapped "{[/error],produces=[text/html]}" onto public org.springframework.web.servlet.ModelAndView org.springframework.boot.autoconfigure.web.servlet.error.BasicErrorController.errorHtml(javax.servlet.http.HttpServletRequest,javax.servlet.http.HttpServletResponse)
2018-10-22 17:25:12.146 [main] INFO  o.s.web.servlet.handler.SimpleUrlHandlerMapping - Mapped URL path [/**/favicon.ico] onto handler of type [class org.springframework.web.servlet.resource.ResourceHttpRequestHandler]
2018-10-22 17:25:12.703 [main] INFO  o.s.w.s.m.m.a.RequestMappingHandlerAdapter - Looking for @ControllerAdvice: org.springframework.web.context.support.GenericWebApplicationContext@57c03d88: startup date [Mon Oct 22 17:24:58 CST 2018]; root of context hierarchy
2018-10-22 17:25:13.219 [main] INFO  o.s.web.servlet.handler.SimpleUrlHandlerMapping - Mapped URL path [/webjars/**] onto handler of type [class org.springframework.web.servlet.resource.ResourceHttpRequestHandler]
2018-10-22 17:25:13.219 [main] INFO  o.s.web.servlet.handler.SimpleUrlHandlerMapping - Mapped URL path [/**] onto handler of type [class org.springframework.web.servlet.resource.ResourceHttpRequestHandler]
2018-10-22 17:25:13.580 [main] INFO  o.s.b.a.web.servlet.WelcomePageHandlerMapping - Adding welcome page template: index
2018-10-22 17:25:14.203 [main] INFO  o.s.context.support.DefaultLifecycleProcessor - Starting beans in phase 2147483647
2018-10-22 17:25:14.206 [main] INFO  s.d.s.web.plugins.DocumentationPluginsBootstrapper - Context refreshed
2018-10-22 17:25:14.263 [main] INFO  s.d.s.web.plugins.DocumentationPluginsBootstrapper - Found 1 custom documentation plugin(s)
2018-10-22 17:25:14.284 [main] INFO  s.d.spring.web.scanners.ApiListingReferenceScanner - Scanning for api listing references
2018-10-22 17:25:14.877 [main] INFO  com.solo.TestControllerTest - Started TestControllerTest in 16.983 seconds (JVM running for 21.244)
2018-10-22 17:25:15.376 [main] INFO  o.s.b.test.mock.web.SpringBootMockServletContext - Initializing Spring FrameworkServlet ''
2018-10-22 17:25:15.376 [main] INFO  o.s.test.web.servlet.TestDispatcherServlet - FrameworkServlet '': initialization started
2018-10-22 17:25:15.487 [main] INFO  o.s.test.web.servlet.TestDispatcherServlet - FrameworkServlet '': initialization completed in 111 ms
2018-10-22 17:25:15.545 [main] INFO  com.solo.web.controller.TestController - testMain = 1
2018-10-22 17:25:15.550 [main] INFO  com.solo.web.controller.TestController - main----------
2018-10-22 17:25:16.178 [main] INFO  com.solo.TestControllerTest - 
{
	"code":200,
	"description":"执行成功!",
	"metadata":{
		"clazz":"java.lang.String",
		"type":0
	},
	"model":"hello"
}
2018-10-22 17:25:16.209 [Thread-2] INFO  o.s.w.context.support.GenericWebApplicationContext - Closing org.springframework.web.context.support.GenericWebApplicationContext@57c03d88: startup date [Mon Oct 22 17:24:58 CST 2018]; root of context hierarchy
2018-10-22 17:25:16.214 [Thread-2] INFO  o.s.context.support.DefaultLifecycleProcessor - Stopping beans in phase 2147483647
2018-10-22 17:25:16.235 [Thread-2] INFO  o.s.orm.jpa.LocalContainerEntityManagerFactoryBean - Closing JPA EntityManagerFactory for persistence unit 'default'
