2018-09-27 11:40:41.040 [main] INFO  com.solo.SoloblogApplication - Starting SoloblogApplication on DESKTOP-KUMCBIE with PID 11540 (C:\Users\gaojian\doctorwork\workspace\SoloBlog\target\classes started by gaojian in C:\Users\gaojian\doctorwork\workspace\SoloBlog)
2018-09-27 11:40:41.046 [main] INFO  com.solo.SoloblogApplication - No active profile set, falling back to default profiles: default
2018-09-27 11:40:41.195 [main] INFO  o.s.b.w.s.c.AnnotationConfigServletWebServerApplicationContext - Refreshing org.springframework.boot.web.servlet.context.AnnotationConfigServletWebServerApplicationContext@2c7b5824: startup date [Thu Sep 27 11:40:41 CST 2018]; root of context hierarchy
2018-09-27 11:40:45.382 [main] INFO  o.s.c.s.PostProcessorRegistrationDelegate$BeanPostProcessorChecker - Bean 'org.springframework.transaction.annotation.ProxyTransactionManagementConfiguration' of type [org.springframework.transaction.annotation.ProxyTransactionManagementConfiguration$$EnhancerBySpringCGLIB$$ef6fddab] is not eligible for getting processed by all BeanPostProcessors (for example: not eligible for auto-proxying)
2018-09-27 11:40:46.657 [main] INFO  o.s.boot.web.embedded.tomcat.TomcatWebServer - Tomcat initialized with port(s): 8081 (http)
2018-09-27 11:40:46.689 [main] INFO  org.apache.coyote.http11.Http11NioProtocol - Initializing ProtocolHandler ["http-nio-8081"]
2018-09-27 11:40:46.719 [main] INFO  org.apache.catalina.core.StandardService - Starting service [Tomcat]
2018-09-27 11:40:46.720 [main] INFO  org.apache.catalina.core.StandardEngine - Starting Servlet Engine: Apache Tomcat/8.5.29
2018-09-27 11:40:46.746 [localhost-startStop-1] INFO  org.apache.catalina.core.AprLifecycleListener - The APR based Apache Tomcat Native library which allows optimal performance in production environments was not found on the java.library.path: [C:\Program Files\Java\jdk1.8.0_172\bin;C:\WINDOWS\Sun\Java\bin;C:\WINDOWS\system32;C:\WINDOWS;C:\Program Files (x86)\Common Files\Oracle\Java\javapath;C:\Program Files (x86)\Intel\iCLS Client\;C:\Program Files\Intel\iCLS Client\;C:\Windows\system32;C:\Windows;C:\Windows\System32\Wbem;C:\Windows\System32\WindowsPowerShell\v1.0\;C:\Program Files (x86)\Intel\Intel(R) Management Engine Components\DAL;C:\Program Files\Intel\Intel(R) Management Engine Components\DAL;C:\Program Files (x86)\Intel\Intel(R) Management Engine Components\IPT;C:\Program Files\Intel\Intel(R) Management Engine Components\IPT;C:\Program Files (x86)\NVIDIA Corporation\PhysX\Common;C:\WINDOWS\system32;C:\WINDOWS;C:\WINDOWS\System32\Wbem;C:\WINDOWS\System32\WindowsPowerShell\v1.0\;C:\Program Files (x86)\Java\jdk1.8.0_172;C:\Program Files (x86)\maven\apache-maven-3.5.3\bin;C:\Program Files (x86)\ant\apache-ant-1.10.3\bin;C:\Users\gaojian\doctorwork\openVPN\bin;C:\Program Files\Java\jdk1.8.0_172\bin;C:\Program Files\Java\jdk1.8.0_172\jre\bin;C:\WINDOWS\System32\OpenSSH\;C:\Users\gaojian\开发工具\Git\cmd;C:\Users\gaojian\AppData\Local\Microsoft\WindowsApps;;C:\Users\gaojian\开发工具\docker\Docker Toolbox;;C:;Users\gaojian\开发工具\docker\Docker Toolbox;;.]
2018-09-27 11:40:47.206 [localhost-startStop-1] INFO  o.a.c.core.ContainerBase.[Tomcat].[localhost].[/] - Initializing Spring embedded WebApplicationContext
2018-09-27 11:40:47.207 [localhost-startStop-1] INFO  org.springframework.web.context.ContextLoader - Root WebApplicationContext: initialization completed in 6012 ms
2018-09-27 11:40:47.758 [localhost-startStop-1] INFO  o.s.boot.web.servlet.ServletRegistrationBean - Servlet dispatcherServlet mapped to [/]
2018-09-27 11:40:47.771 [localhost-startStop-1] INFO  o.s.boot.web.servlet.FilterRegistrationBean - Mapping filter: 'characterEncodingFilter' to: [/*]
2018-09-27 11:40:47.772 [localhost-startStop-1] INFO  o.s.boot.web.servlet.FilterRegistrationBean - Mapping filter: 'hiddenHttpMethodFilter' to: [/*]
2018-09-27 11:40:47.773 [localhost-startStop-1] INFO  o.s.boot.web.servlet.FilterRegistrationBean - Mapping filter: 'httpPutFormContentFilter' to: [/*]
2018-09-27 11:40:47.774 [localhost-startStop-1] INFO  o.s.boot.web.servlet.FilterRegistrationBean - Mapping filter: 'requestContextFilter' to: [/*]
2018-09-27 11:40:49.249 [main] INFO  o.s.orm.jpa.LocalContainerEntityManagerFactoryBean - Building JPA container EntityManagerFactory for persistence unit 'default'
2018-09-27 11:40:49.281 [main] INFO  org.hibernate.jpa.internal.util.LogHelper - HHH000204: Processing PersistenceUnitInfo [
	name: default
	...]
2018-09-27 11:40:49.523 [main] INFO  org.hibernate.Version - HHH000412: Hibernate Core {5.2.16.Final}
2018-09-27 11:40:49.526 [main] INFO  org.hibernate.cfg.Environment - HHH000206: hibernate.properties not found
2018-09-27 11:40:49.689 [main] INFO  org.hibernate.annotations.common.Version - HCANN000001: Hibernate Commons Annotations {5.0.1.Final}
2018-09-27 11:40:50.292 [main] INFO  org.hibernate.dialect.Dialect - HHH000400: Using dialect: org.hibernate.dialect.MySQL5Dialect
2018-09-27 11:40:51.636 [main] INFO  o.s.orm.jpa.LocalContainerEntityManagerFactoryBean - Initialized JPA EntityManagerFactory for persistence unit 'default'
2018-09-27 11:40:54.433 [main] WARN  o.s.b.a.o.j.JpaBaseConfiguration$JpaWebConfiguration$JpaWebMvcConfiguration - spring.jpa.open-in-view is enabled by default. Therefore, database queries may be performed during view rendering. Explicitly configure spring.jpa.open-in-view to disable this warning
2018-09-27 11:40:54.592 [main] INFO  o.s.w.s.m.m.a.RequestMappingHandlerMapping - Mapped "{[/excel/createExcel],methods=[GET]}" onto public com.solo.common.model.ResultModel com.solo.web.controller.ExcelController.createExcel(javax.servlet.http.HttpServletRequest,javax.servlet.http.HttpServletResponse) throws java.lang.Exception
2018-09-27 11:40:54.597 [main] INFO  o.s.w.s.m.m.a.RequestMappingHandlerMapping - Mapped "{[/jenkins/job/lastSuccessConsole],methods=[GET]}" onto public com.solo.common.model.ResultModel com.solo.web.controller.jenkins.JenkinsController.getJobLastSuccessConsole() throws java.io.IOException
2018-09-27 11:40:54.599 [main] INFO  o.s.w.s.m.m.a.RequestMappingHandlerMapping - Mapped "{[/jenkins/job/get],methods=[GET]}" onto public com.solo.common.model.ResultModel com.solo.web.controller.jenkins.JenkinsController.getJob() throws java.io.IOException,java.net.URISyntaxException
2018-09-27 11:40:54.600 [main] INFO  o.s.w.s.m.m.a.RequestMappingHandlerMapping - Mapped "{[/jenkins/job/list],methods=[GET]}" onto public com.solo.common.model.ResultModel com.solo.web.controller.jenkins.JenkinsController.jobList() throws java.io.IOException,java.net.URISyntaxException
2018-09-27 11:40:54.602 [main] INFO  o.s.w.s.m.m.a.RequestMappingHandlerMapping - Mapped "{[/jenkins/job/jobGet1111],methods=[GET]}" onto public com.solo.common.model.ResultModel com.solo.web.controller.jenkins.JenkinsController.jobGet1111() throws java.io.IOException,java.net.URISyntaxException
2018-09-27 11:40:54.604 [main] INFO  o.s.w.s.m.m.a.RequestMappingHandlerMapping - Mapped "{[/sentinel/get],methods=[GET]}" onto public com.solo.common.model.ResultModel com.solo.web.controller.SentinelController.get()
2018-09-27 11:40:54.607 [main] INFO  o.s.w.s.m.m.a.RequestMappingHandlerMapping - Mapped "{[/main/index],methods=[GET]}" onto public java.lang.String com.solo.web.controller.TestController.toIndex()
2018-09-27 11:40:54.608 [main] INFO  o.s.w.s.m.m.a.RequestMappingHandlerMapping - Mapped "{[/main/testHttp],methods=[POST]}" onto public com.solo.common.model.ResultModel com.solo.web.controller.TestController.testHttp() throws com.solo.common.exception.BusinessException
2018-09-27 11:40:54.610 [main] INFO  o.s.w.s.m.m.a.RequestMappingHandlerMapping - Mapped "{[/main/test],methods=[GET]}" onto public com.solo.common.model.ResultModel com.solo.web.controller.TestController.testMain(java.lang.String)
2018-09-27 11:40:54.612 [main] INFO  o.s.w.s.m.m.a.RequestMappingHandlerMapping - Mapped "{[/user/get],methods=[POST]}" onto public com.solo.common.model.ResultModel com.solo.web.controller.UserController.get(java.lang.String)
2018-09-27 11:40:54.613 [main] INFO  o.s.w.s.m.m.a.RequestMappingHandlerMapping - Mapped "{[/user/login],methods=[POST]}" onto public com.solo.common.model.ResultModel com.solo.web.controller.UserController.login(com.solo.web.entity.request.user.LoginRequest)
2018-09-27 11:40:54.613 [main] INFO  o.s.w.s.m.m.a.RequestMappingHandlerMapping - Mapped "{[/user/testlogin],methods=[GET]}" onto public com.solo.common.model.ResultModel com.solo.web.controller.UserController.testlogin(java.lang.String,java.lang.Integer) throws com.solo.common.exception.BusinessException
2018-09-27 11:40:54.615 [main] INFO  o.s.w.s.m.m.a.RequestMappingHandlerMapping - Mapped "{[/v2/api-docs],methods=[GET],produces=[application/json || application/hal+json]}" onto public org.springframework.http.ResponseEntity<springfox.documentation.spring.web.json.Json> springfox.documentation.swagger2.web.Swagger2Controller.getDocumentation(java.lang.String,javax.servlet.http.HttpServletRequest)
2018-09-27 11:40:54.621 [main] INFO  o.s.w.s.m.m.a.RequestMappingHandlerMapping - Mapped "{[/swagger-resources/configuration/security]}" onto org.springframework.http.ResponseEntity<springfox.documentation.swagger.web.SecurityConfiguration> springfox.documentation.swagger.web.ApiResourceController.securityConfiguration()
2018-09-27 11:40:54.623 [main] INFO  o.s.w.s.m.m.a.RequestMappingHandlerMapping - Mapped "{[/swagger-resources]}" onto org.springframework.http.ResponseEntity<java.util.List<springfox.documentation.swagger.web.SwaggerResource>> springfox.documentation.swagger.web.ApiResourceController.swaggerResources()
2018-09-27 11:40:54.624 [main] INFO  o.s.w.s.m.m.a.RequestMappingHandlerMapping - Mapped "{[/swagger-resources/configuration/ui]}" onto org.springframework.http.ResponseEntity<springfox.documentation.swagger.web.UiConfiguration> springfox.documentation.swagger.web.ApiResourceController.uiConfiguration()
2018-09-27 11:40:54.629 [main] INFO  o.s.w.s.m.m.a.RequestMappingHandlerMapping - Mapped "{[/error]}" onto public org.springframework.http.ResponseEntity<java.util.Map<java.lang.String, java.lang.Object>> org.springframework.boot.autoconfigure.web.servlet.error.BasicErrorController.error(javax.servlet.http.HttpServletRequest)
2018-09-27 11:40:54.630 [main] INFO  o.s.w.s.m.m.a.RequestMappingHandlerMapping - Mapped "{[/error],produces=[text/html]}" onto public org.springframework.web.servlet.ModelAndView org.springframework.boot.autoconfigure.web.servlet.error.BasicErrorController.errorHtml(javax.servlet.http.HttpServletRequest,javax.servlet.http.HttpServletResponse)
2018-09-27 11:40:55.174 [main] INFO  o.s.web.servlet.handler.SimpleUrlHandlerMapping - Mapped URL path [/**/favicon.ico] onto handler of type [class org.springframework.web.servlet.resource.ResourceHttpRequestHandler]
2018-09-27 11:40:55.713 [main] INFO  o.s.w.s.m.m.a.RequestMappingHandlerAdapter - Looking for @ControllerAdvice: org.springframework.boot.web.servlet.context.AnnotationConfigServletWebServerApplicationContext@2c7b5824: startup date [Thu Sep 27 11:40:41 CST 2018]; root of context hierarchy
2018-09-27 11:40:55.842 [main] INFO  o.s.web.servlet.handler.SimpleUrlHandlerMapping - Mapped URL path [/webjars/**] onto handler of type [class org.springframework.web.servlet.resource.ResourceHttpRequestHandler]
2018-09-27 11:40:55.843 [main] INFO  o.s.web.servlet.handler.SimpleUrlHandlerMapping - Mapped URL path [/**] onto handler of type [class org.springframework.web.servlet.resource.ResourceHttpRequestHandler]
2018-09-27 11:40:56.255 [main] INFO  o.s.b.a.web.servlet.WelcomePageHandlerMapping - Adding welcome page template: index
2018-09-27 11:40:57.224 [main] INFO  o.s.jmx.export.annotation.AnnotationMBeanExporter - Registering beans for JMX exposure on startup
2018-09-27 11:40:57.230 [main] INFO  o.s.jmx.export.annotation.AnnotationMBeanExporter - Bean with name 'dataSource' has been autodetected for JMX exposure
2018-09-27 11:40:57.241 [main] INFO  o.s.jmx.export.annotation.AnnotationMBeanExporter - Located MBean 'dataSource': registering with JMX server as MBean [com.alibaba.druid.pool:name=dataSource,type=DruidDataSource]
2018-09-27 11:40:57.254 [main] INFO  o.s.context.support.DefaultLifecycleProcessor - Starting beans in phase 2147483647
2018-09-27 11:40:57.255 [main] INFO  s.d.s.web.plugins.DocumentationPluginsBootstrapper - Context refreshed
2018-09-27 11:40:57.296 [main] INFO  s.d.s.web.plugins.DocumentationPluginsBootstrapper - Found 1 custom documentation plugin(s)
2018-09-27 11:40:57.318 [main] INFO  s.d.spring.web.scanners.ApiListingReferenceScanner - Scanning for api listing references
2018-09-27 11:40:57.853 [main] INFO  org.apache.coyote.http11.Http11NioProtocol - Starting ProtocolHandler ["http-nio-8081"]
2018-09-27 11:40:57.875 [main] INFO  org.apache.tomcat.util.net.NioSelectorPool - Using a shared selector for servlet write/read
2018-09-27 11:40:57.917 [main] INFO  o.s.boot.web.embedded.tomcat.TomcatWebServer - Tomcat started on port(s): 8081 (http) with context path ''
2018-09-27 11:40:57.925 [main] INFO  com.solo.SoloblogApplication - Started SoloblogApplication in 17.852 seconds (JVM running for 23.597)
2018-09-27 11:41:57.461 [http-nio-8081-exec-1] INFO  o.a.c.core.ContainerBase.[Tomcat].[localhost].[/] - Initializing Spring FrameworkServlet 'dispatcherServlet'
2018-09-27 11:41:57.462 [http-nio-8081-exec-1] INFO  org.springframework.web.servlet.DispatcherServlet - FrameworkServlet 'dispatcherServlet': initialization started
2018-09-27 11:41:57.531 [http-nio-8081-exec-1] INFO  org.springframework.web.servlet.DispatcherServlet - FrameworkServlet 'dispatcherServlet': initialization completed in 67 ms
2018-09-27 15:36:29.973 [main] INFO  o.s.b.t.context.SpringBootTestContextBootstrapper - Neither @ContextConfiguration nor @ContextHierarchy found for test class [com.solo.jenkins.JenkinsJob], using SpringBootContextLoader
2018-09-27 15:36:30.004 [main] INFO  o.s.test.context.support.AbstractContextLoader - Could not detect default resource locations for test class [com.solo.jenkins.JenkinsJob]: no resource found for suffixes {-context.xml, Context.groovy}.
2018-09-27 15:36:30.007 [main] INFO  o.s.t.c.support.AnnotationConfigContextLoaderUtils - Could not detect default configuration classes for test class [com.solo.jenkins.JenkinsJob]: JenkinsJob does not declare any static, non-private, non-final, nested classes annotated with @Configuration.
2018-09-27 15:36:30.573 [main] INFO  o.s.b.t.context.SpringBootTestContextBootstrapper - Found @SpringBootConfiguration com.solo.SoloblogApplication for test class com.solo.jenkins.JenkinsJob
2018-09-27 15:36:30.959 [main] INFO  o.s.b.t.context.SpringBootTestContextBootstrapper - Loaded default TestExecutionListener class names from location [META-INF/spring.factories]: [org.springframework.boot.test.mock.mockito.MockitoTestExecutionListener, org.springframework.boot.test.mock.mockito.ResetMocksTestExecutionListener, org.springframework.boot.test.autoconfigure.restdocs.RestDocsTestExecutionListener, org.springframework.boot.test.autoconfigure.web.client.MockRestServiceServerResetTestExecutionListener, org.springframework.boot.test.autoconfigure.web.servlet.MockMvcPrintOnlyOnFailureTestExecutionListener, org.springframework.boot.test.autoconfigure.web.servlet.WebDriverTestExecutionListener, org.springframework.test.context.web.ServletTestExecutionListener, org.springframework.test.context.support.DirtiesContextBeforeModesTestExecutionListener, org.springframework.test.context.support.DependencyInjectionTestExecutionListener, org.springframework.test.context.support.DirtiesContextTestExecutionListener, org.springframework.test.context.transaction.TransactionalTestExecutionListener, org.springframework.test.context.jdbc.SqlScriptsTestExecutionListener]
2018-09-27 15:36:31.008 [main] INFO  o.s.b.t.context.SpringBootTestContextBootstrapper - Using TestExecutionListeners: [org.springframework.test.context.web.ServletTestExecutionListener@57d7f8ca, org.springframework.test.context.support.DirtiesContextBeforeModesTestExecutionListener@76c3e77a, org.springframework.boot.test.mock.mockito.MockitoTestExecutionListener@78123e82, org.springframework.boot.test.autoconfigure.SpringBootDependencyInjectionTestExecutionListener@67c33749, org.springframework.test.context.support.DirtiesContextTestExecutionListener@fba92d3, org.springframework.test.context.transaction.TransactionalTestExecutionListener@662b4c69, org.springframework.test.context.jdbc.SqlScriptsTestExecutionListener@fa49800, org.springframework.boot.test.mock.mockito.ResetMocksTestExecutionListener@71238fc2, org.springframework.boot.test.autoconfigure.restdocs.RestDocsTestExecutionListener@2a54a73f, org.springframework.boot.test.autoconfigure.web.client.MockRestServiceServerResetTestExecutionListener@16a0ee18, org.springframework.boot.test.autoconfigure.web.servlet.MockMvcPrintOnlyOnFailureTestExecutionListener@3d6f0054, org.springframework.boot.test.autoconfigure.web.servlet.WebDriverTestExecutionListener@505fc5a4]
2018-09-27 15:36:31.789 [main] INFO  com.solo.jenkins.JenkinsJob - Starting JenkinsJob on DESKTOP-KUMCBIE with PID 5148 (started by gaojian in C:\Users\gaojian\doctorwork\workspace\SoloBlog)
2018-09-27 15:36:31.792 [main] INFO  com.solo.jenkins.JenkinsJob - No active profile set, falling back to default profiles: default
2018-09-27 15:36:31.941 [main] INFO  o.s.w.context.support.GenericWebApplicationContext - Refreshing org.springframework.web.context.support.GenericWebApplicationContext@27e47833: startup date [Thu Sep 27 15:36:31 CST 2018]; root of context hierarchy
2018-09-27 15:36:38.546 [main] INFO  o.s.c.s.PostProcessorRegistrationDelegate$BeanPostProcessorChecker - Bean 'org.springframework.transaction.annotation.ProxyTransactionManagementConfiguration' of type [org.springframework.transaction.annotation.ProxyTransactionManagementConfiguration$$EnhancerBySpringCGLIB$$c199cc08] is not eligible for getting processed by all BeanPostProcessors (for example: not eligible for auto-proxying)
2018-09-27 15:36:41.583 [main] INFO  o.s.orm.jpa.LocalContainerEntityManagerFactoryBean - Building JPA container EntityManagerFactory for persistence unit 'default'
2018-09-27 15:36:41.642 [main] INFO  org.hibernate.jpa.internal.util.LogHelper - HHH000204: Processing PersistenceUnitInfo [
	name: default
	...]
2018-09-27 15:36:41.894 [main] INFO  org.hibernate.Version - HHH000412: Hibernate Core {5.2.16.Final}
2018-09-27 15:36:41.897 [main] INFO  org.hibernate.cfg.Environment - HHH000206: hibernate.properties not found
2018-09-27 15:36:42.002 [main] INFO  org.hibernate.annotations.common.Version - HCANN000001: Hibernate Commons Annotations {5.0.1.Final}
2018-09-27 15:36:42.343 [main] INFO  org.hibernate.dialect.Dialect - HHH000400: Using dialect: org.hibernate.dialect.MySQL5Dialect
2018-09-27 15:36:44.065 [main] INFO  o.s.orm.jpa.LocalContainerEntityManagerFactoryBean - Initialized JPA EntityManagerFactory for persistence unit 'default'
2018-09-27 15:36:47.204 [main] WARN  o.s.b.a.o.j.JpaBaseConfiguration$JpaWebConfiguration$JpaWebMvcConfiguration - spring.jpa.open-in-view is enabled by default. Therefore, database queries may be performed during view rendering. Explicitly configure spring.jpa.open-in-view to disable this warning
2018-09-27 15:36:47.396 [main] INFO  o.s.w.s.m.m.a.RequestMappingHandlerMapping - Mapped "{[/excel/createExcel],methods=[GET]}" onto public com.solo.common.model.ResultModel com.solo.web.controller.ExcelController.createExcel(javax.servlet.http.HttpServletRequest,javax.servlet.http.HttpServletResponse) throws java.lang.Exception
2018-09-27 15:36:47.411 [main] INFO  o.s.w.s.m.m.a.RequestMappingHandlerMapping - Mapped "{[/jenkins/job/get],methods=[GET]}" onto public com.solo.common.model.ResultModel com.solo.web.controller.jenkins.JenkinsController.getJob() throws java.io.IOException,java.net.URISyntaxException
2018-09-27 15:36:47.421 [main] INFO  o.s.w.s.m.m.a.RequestMappingHandlerMapping - Mapped "{[/jenkins/job/lastSuccessConsole],methods=[GET]}" onto public com.solo.common.model.ResultModel com.solo.web.controller.jenkins.JenkinsController.getJobLastSuccessConsole() throws java.io.IOException
2018-09-27 15:36:47.422 [main] INFO  o.s.w.s.m.m.a.RequestMappingHandlerMapping - Mapped "{[/jenkins/job/jobGet1111],methods=[GET]}" onto public com.solo.common.model.ResultModel com.solo.web.controller.jenkins.JenkinsController.jobGet1111() throws java.io.IOException,java.net.URISyntaxException
2018-09-27 15:36:47.430 [main] INFO  o.s.w.s.m.m.a.RequestMappingHandlerMapping - Mapped "{[/jenkins/job/list],methods=[GET]}" onto public com.solo.common.model.ResultModel com.solo.web.controller.jenkins.JenkinsController.jobList() throws java.io.IOException,java.net.URISyntaxException
2018-09-27 15:36:47.431 [main] INFO  o.s.w.s.m.m.a.RequestMappingHandlerMapping - Mapped "{[/sentinel/get],methods=[GET]}" onto public com.solo.common.model.ResultModel com.solo.web.controller.SentinelController.get()
2018-09-27 15:36:47.438 [main] INFO  o.s.w.s.m.m.a.RequestMappingHandlerMapping - Mapped "{[/main/index],methods=[GET]}" onto public java.lang.String com.solo.web.controller.TestController.toIndex()
2018-09-27 15:36:47.439 [main] INFO  o.s.w.s.m.m.a.RequestMappingHandlerMapping - Mapped "{[/main/test],methods=[GET]}" onto public com.solo.common.model.ResultModel com.solo.web.controller.TestController.testMain(java.lang.String)
2018-09-27 15:36:47.441 [main] INFO  o.s.w.s.m.m.a.RequestMappingHandlerMapping - Mapped "{[/main/testHttp],methods=[POST]}" onto public com.solo.common.model.ResultModel com.solo.web.controller.TestController.testHttp() throws com.solo.common.exception.BusinessException
2018-09-27 15:36:47.444 [main] INFO  o.s.w.s.m.m.a.RequestMappingHandlerMapping - Mapped "{[/user/get],methods=[POST]}" onto public com.solo.common.model.ResultModel com.solo.web.controller.UserController.get(java.lang.String)
2018-09-27 15:36:47.445 [main] INFO  o.s.w.s.m.m.a.RequestMappingHandlerMapping - Mapped "{[/user/login],methods=[POST]}" onto public com.solo.common.model.ResultModel com.solo.web.controller.UserController.login(com.solo.web.entity.request.user.LoginRequest)
2018-09-27 15:36:47.445 [main] INFO  o.s.w.s.m.m.a.RequestMappingHandlerMapping - Mapped "{[/user/testlogin],methods=[GET]}" onto public com.solo.common.model.ResultModel com.solo.web.controller.UserController.testlogin(java.lang.String,java.lang.Integer) throws com.solo.common.exception.BusinessException
2018-09-27 15:36:47.454 [main] INFO  o.s.w.s.m.m.a.RequestMappingHandlerMapping - Mapped "{[/v2/api-docs],methods=[GET],produces=[application/json || application/hal+json]}" onto public org.springframework.http.ResponseEntity<springfox.documentation.spring.web.json.Json> springfox.documentation.swagger2.web.Swagger2Controller.getDocumentation(java.lang.String,javax.servlet.http.HttpServletRequest)
2018-09-27 15:36:47.457 [main] INFO  o.s.w.s.m.m.a.RequestMappingHandlerMapping - Mapped "{[/swagger-resources/configuration/ui]}" onto org.springframework.http.ResponseEntity<springfox.documentation.swagger.web.UiConfiguration> springfox.documentation.swagger.web.ApiResourceController.uiConfiguration()
2018-09-27 15:36:47.459 [main] INFO  o.s.w.s.m.m.a.RequestMappingHandlerMapping - Mapped "{[/swagger-resources]}" onto org.springframework.http.ResponseEntity<java.util.List<springfox.documentation.swagger.web.SwaggerResource>> springfox.documentation.swagger.web.ApiResourceController.swaggerResources()
2018-09-27 15:36:47.461 [main] INFO  o.s.w.s.m.m.a.RequestMappingHandlerMapping - Mapped "{[/swagger-resources/configuration/security]}" onto org.springframework.http.ResponseEntity<springfox.documentation.swagger.web.SecurityConfiguration> springfox.documentation.swagger.web.ApiResourceController.securityConfiguration()
2018-09-27 15:36:47.475 [main] INFO  o.s.w.s.m.m.a.RequestMappingHandlerMapping - Mapped "{[/error]}" onto public org.springframework.http.ResponseEntity<java.util.Map<java.lang.String, java.lang.Object>> org.springframework.boot.autoconfigure.web.servlet.error.BasicErrorController.error(javax.servlet.http.HttpServletRequest)
2018-09-27 15:36:47.477 [main] INFO  o.s.w.s.m.m.a.RequestMappingHandlerMapping - Mapped "{[/error],produces=[text/html]}" onto public org.springframework.web.servlet.ModelAndView org.springframework.boot.autoconfigure.web.servlet.error.BasicErrorController.errorHtml(javax.servlet.http.HttpServletRequest,javax.servlet.http.HttpServletResponse)
2018-09-27 15:36:48.642 [main] INFO  o.s.web.servlet.handler.SimpleUrlHandlerMapping - Mapped URL path [/**/favicon.ico] onto handler of type [class org.springframework.web.servlet.resource.ResourceHttpRequestHandler]
2018-09-27 15:36:49.337 [main] INFO  o.s.w.s.m.m.a.RequestMappingHandlerAdapter - Looking for @ControllerAdvice: org.springframework.web.context.support.GenericWebApplicationContext@27e47833: startup date [Thu Sep 27 15:36:31 CST 2018]; root of context hierarchy
2018-09-27 15:36:49.923 [main] INFO  o.s.web.servlet.handler.SimpleUrlHandlerMapping - Mapped URL path [/webjars/**] onto handler of type [class org.springframework.web.servlet.resource.ResourceHttpRequestHandler]
2018-09-27 15:36:49.923 [main] INFO  o.s.web.servlet.handler.SimpleUrlHandlerMapping - Mapped URL path [/**] onto handler of type [class org.springframework.web.servlet.resource.ResourceHttpRequestHandler]
2018-09-27 15:36:50.274 [main] INFO  o.s.b.a.web.servlet.WelcomePageHandlerMapping - Adding welcome page template: index
2018-09-27 15:36:51.015 [main] INFO  o.s.context.support.DefaultLifecycleProcessor - Starting beans in phase 2147483647
2018-09-27 15:36:51.017 [main] INFO  s.d.s.web.plugins.DocumentationPluginsBootstrapper - Context refreshed
2018-09-27 15:36:51.104 [main] INFO  s.d.s.web.plugins.DocumentationPluginsBootstrapper - Found 1 custom documentation plugin(s)
2018-09-27 15:36:51.139 [main] INFO  s.d.spring.web.scanners.ApiListingReferenceScanner - Scanning for api listing references
2018-09-27 15:36:51.620 [main] INFO  com.solo.jenkins.JenkinsJob - Started JenkinsJob in 20.499 seconds (JVM running for 24.709)
2018-09-27 15:36:53.885 [main] INFO  com.solo.jenkins.JenkinsJob - 
"FAILURE"
2018-09-27 15:36:53.903 [Thread-2] INFO  o.s.w.context.support.GenericWebApplicationContext - Closing org.springframework.web.context.support.GenericWebApplicationContext@27e47833: startup date [Thu Sep 27 15:36:31 CST 2018]; root of context hierarchy
2018-09-27 15:36:53.912 [Thread-2] INFO  o.s.context.support.DefaultLifecycleProcessor - Stopping beans in phase 2147483647
2018-09-27 15:36:53.919 [Thread-2] INFO  o.s.orm.jpa.LocalContainerEntityManagerFactoryBean - Closing JPA EntityManagerFactory for persistence unit 'default'
